<?xml version="1.0" encoding="UTF-8"?>
<testsuite name="com.exa.lang.XalightApplicationTests" time="0.697" tests="33" errors="0" skipped="0" failures="0">
  <properties>
    <property name="java.runtime.name" value="Java(TM) SE Runtime Environment"/>
    <property name="sun.boot.library.path" value="C:\Program Files\Java\jdk1.8.0_202\jre\bin"/>
    <property name="java.vm.version" value="25.202-b08"/>
    <property name="java.vm.vendor" value="Oracle Corporation"/>
    <property name="maven.multiModuleProjectDirectory" value="C:\p-project\exa-xal-light\xalight"/>
    <property name="java.vendor.url" value="http://java.oracle.com/"/>
    <property name="path.separator" value=";"/>
    <property name="guice.disable.misplaced.annotation.check" value="true"/>
    <property name="java.vm.name" value="Java HotSpot(TM) 64-Bit Server VM"/>
    <property name="file.encoding.pkg" value="sun.io"/>
    <property name="user.script" value=""/>
    <property name="user.country" value="CI"/>
    <property name="sun.java.launcher" value="SUN_STANDARD"/>
    <property name="sun.os.patch.level" value=""/>
    <property name="java.vm.specification.name" value="Java Virtual Machine Specification"/>
    <property name="user.dir" value="C:\p-project\exa-xal-light\xalight"/>
    <property name="java.runtime.version" value="1.8.0_202-b08"/>
    <property name="java.awt.graphicsenv" value="sun.awt.Win32GraphicsEnvironment"/>
    <property name="java.endorsed.dirs" value="C:\Program Files\Java\jdk1.8.0_202\jre\lib\endorsed"/>
    <property name="os.arch" value="amd64"/>
    <property name="java.io.tmpdir" value="C:\Users\rely\AppData\Local\Temp\"/>
    <property name="line.separator" value="&#10;"/>
    <property name="java.vm.specification.vendor" value="Oracle Corporation"/>
    <property name="user.variant" value=""/>
    <property name="os.name" value="Windows 10"/>
    <property name="classworlds.conf" value="C:\p-project\exa-xal-light\.metadata\.plugins\org.eclipse.m2e.launching\launches\m2conf7270178912970294604.tmp"/>
    <property name="jansi.force" value="true"/>
    <property name="sun.jnu.encoding" value="Cp1252"/>
    <property name="java.library.path" value="C:\Program Files\Java\jdk1.8.0_202\bin;C:\Windows\Sun\Java\bin;C:\Windows\system32;C:\Windows;C:/Program Files/Java/jre1.8.0_202/bin/server;C:/Program Files/Java/jre1.8.0_202/bin;C:/Program Files/Java/jre1.8.0_202/lib/amd64;C:\Program Files (x86)\Common Files\Oracle\Java\javapath;C:\Windows\system32;C:\Windows;C:\Windows\System32\Wbem;C:\Windows\System32\WindowsPowerShell\v1.0\;C:\Windows\System32\OpenSSH\;C:\Program Files (x86)\Intel\Intel(R) Management Engine Components\DAL;C:\Program Files\Intel\Intel(R) Management Engine Components\DAL;C:\Program Files\Git\cmd;C:\Users\valen\AppData\Roaming\nvm;C:\Program Files\nodejs;C:\Program Files\nodejs\;C:\dev\gradle\gradle-6.7.1-bin\gradle-6.7.1\bin;C:\Users\rely\AppData\Local\Microsoft\WindowsApps;C:\Users\rely\AppData\Roaming\npm;C:\Users\rely\AppData\Local\Programs\Microsoft VS Code\bin;&quot;C:\dev\mobile\flutter\bin&quot;;C:\dev\java\sts3\sts-bundle\sts-3.9.10.RELEASE;;."/>
    <property name="jansi.passthrough" value="true"/>
    <property name="java.specification.name" value="Java Platform API Specification"/>
    <property name="java.class.version" value="52.0"/>
    <property name="sun.management.compiler" value="HotSpot 64-Bit Tiered Compilers"/>
    <property name="os.version" value="10.0"/>
    <property name="user.home" value="C:\Users\rely"/>
    <property name="user.timezone" value="GMT"/>
    <property name="java.awt.printerjob" value="sun.awt.windows.WPrinterJob"/>
    <property name="java.specification.version" value="1.8"/>
    <property name="file.encoding" value="Cp1252"/>
    <property name="user.name" value="rely"/>
    <property name="java.class.path" value="C:\dev\java\sts3\sts-bundle\sts-3.9.10.RELEASE\plugins\org.eclipse.m2e.maven.runtime_1.13.0.20190716-1623\jars\plexus-classworlds-2.6.0.jar"/>
    <property name="java.vm.specification.version" value="1.8"/>
    <property name="sun.arch.data.model" value="64"/>
    <property name="java.home" value="C:\Program Files\Java\jdk1.8.0_202\jre"/>
    <property name="sun.java.command" value="org.codehaus.plexus.classworlds.launcher.Launcher -B install -Dstyle.color=always"/>
    <property name="java.specification.vendor" value="Oracle Corporation"/>
    <property name="user.language" value="fr"/>
    <property name="awt.toolkit" value="sun.awt.windows.WToolkit"/>
    <property name="java.vm.info" value="mixed mode"/>
    <property name="java.version" value="1.8.0_202"/>
    <property name="java.ext.dirs" value="C:\Program Files\Java\jdk1.8.0_202\jre\lib\ext;C:\Windows\Sun\Java\lib\ext"/>
    <property name="sun.boot.class.path" value="C:\Program Files\Java\jdk1.8.0_202\jre\lib\resources.jar;C:\Program Files\Java\jdk1.8.0_202\jre\lib\rt.jar;C:\Program Files\Java\jdk1.8.0_202\jre\lib\sunrsasign.jar;C:\Program Files\Java\jdk1.8.0_202\jre\lib\jsse.jar;C:\Program Files\Java\jdk1.8.0_202\jre\lib\jce.jar;C:\Program Files\Java\jdk1.8.0_202\jre\lib\charsets.jar;C:\Program Files\Java\jdk1.8.0_202\jre\lib\jfr.jar;C:\Program Files\Java\jdk1.8.0_202\jre\classes"/>
    <property name="java.vendor" value="Oracle Corporation"/>
    <property name="maven.home" value="C:\p-project\exa-xal-light\xalight\EMBEDDED"/>
    <property name="style.color" value="always"/>
    <property name="file.separator" value="\"/>
    <property name="java.vendor.url.bug" value="http://bugreport.sun.com/bugreport/"/>
    <property name="sun.cpu.endian" value="little"/>
    <property name="sun.io.unicode.encoding" value="UnicodeLittle"/>
    <property name="sun.desktop" value="windows"/>
    <property name="sun.cpu.isalist" value="amd64"/>
  </properties>
  <testcase name="testStatementFor0" classname="com.exa.lang.XalightApplicationTests" time="0.194"/>
  <testcase name="testStatementFor2" classname="com.exa.lang.XalightApplicationTests" time="0.001"/>
  <testcase name="testStatementFor3" classname="com.exa.lang.XalightApplicationTests" time="0.003"/>
  <testcase name="testStatementFor5" classname="com.exa.lang.XalightApplicationTests" time="0.003"/>
  <testcase name="testStatementName" classname="com.exa.lang.XalightApplicationTests" time="0.011"/>
  <testcase name="testXalRealCase" classname="com.exa.lang.XalightApplicationTests" time="0.03"/>
  <testcase name="testArray" classname="com.exa.lang.XalightApplicationTests" time="0.006"/>
  <testcase name="testInit2" classname="com.exa.lang.XalightApplicationTests" time="0.081"/>
  <testcase name="testInit" classname="com.exa.lang.XalightApplicationTests" time="0.006"/>
  <testcase name="testMisc" classname="com.exa.lang.XalightApplicationTests" time="0.003"/>
  <testcase name="testComputeArray" classname="com.exa.lang.XalightApplicationTests" time="0.011"/>
  <testcase name="testStatementImport" classname="com.exa.lang.XalightApplicationTests" time="0.016"/>
  <testcase name="testXalString" classname="com.exa.lang.XalightApplicationTests" time="0.004"/>
  <testcase name="testXalFileWithComments" classname="com.exa.lang.XalightApplicationTests" time="0.005"/>
  <testcase name="testXalInheritance2" classname="com.exa.lang.XalightApplicationTests" time="0.004"/>
  <testcase name="testXalInheritance5" classname="com.exa.lang.XalightApplicationTests" time="0.003"/>
  <testcase name="testXalInheritance6" classname="com.exa.lang.XalightApplicationTests" time="0.003"/>
  <testcase name="testXalInheritance7" classname="com.exa.lang.XalightApplicationTests" time="0.008"/>
  <testcase name="testXalInheritance8" classname="com.exa.lang.XalightApplicationTests" time="0.008"/>
  <testcase name="testXalInheritance9" classname="com.exa.lang.XalightApplicationTests" time="0.022"/>
  <testcase name="testComputer" classname="com.exa.lang.XalightApplicationTests" time="0.011"/>
  <testcase name="testStatementFor" classname="com.exa.lang.XalightApplicationTests" time="0.021"/>
  <testcase name="testStatementIf2" classname="com.exa.lang.XalightApplicationTests" time="0.012"/>
  <testcase name="testXalInheritance" classname="com.exa.lang.XalightApplicationTests" time="0.005"/>
  <testcase name="testStatementRealCase1" classname="com.exa.lang.XalightApplicationTests" time="0.023"/>
  <testcase name="testStatementRealCase2" classname="com.exa.lang.XalightApplicationTests" time="0.126"/>
  <testcase name="testForArray" classname="com.exa.lang.XalightApplicationTests" time="0.004"/>
  <testcase name="testXalInheritance10" classname="com.exa.lang.XalightApplicationTests" time="0.005"/>
  <testcase name="testStatementIf" classname="com.exa.lang.XalightApplicationTests" time="0.005"/>
  <testcase name="testEscape" classname="com.exa.lang.XalightApplicationTests" time="0"/>
  <testcase name="testDoubleFormuleProperties" classname="com.exa.lang.XalightApplicationTests" time="0.031"/>
  <testcase name="testXalFile" classname="com.exa.lang.XalightApplicationTests" time="0.02"/>
  <testcase name="testStatementRealCase" classname="com.exa.lang.XalightApplicationTests" time="0.012"/>
</testsuite>